<?xml version="1.0" encoding="UTF-8"?>
<!-- Generated by org.testng.reporters.JUnitXMLReporter -->
<testsuite ignored="0" hostname="siva" failures="1" tests="1" name="Test" time="19.394" errors="0" timestamp="2024-02-29T01:55:10 IST">
  <testcase classname="Assignment4.Test.ksrtc" name="login_functionality" time="18.893">
    <failure type="java.lang.AssertionError" message="The following asserts failed:
	expected [080-26252626] but found [080-26252625]">
      <![CDATA[java.lang.AssertionError: The following asserts failed:
expected [080-26252626] but found [080-26252625]
at Assignment4.Test.ksrtc.login_functionality(ksrtc.java:44)
at java.base/java.util.ArrayList.forEach(ArrayList.java:1511)
... Removed 29 stack frames]]>
    </failure>
  </testcase> <!-- login_functionality -->
</testsuite> <!-- Test -->
